<?xml version="1.0" encoding="UTF-8"?>
<testsuite xmlns:xsi="http://www.w3.org/2001/XMLSchema-instance" xsi:noNamespaceSchemaLocation="https://maven.apache.org/surefire/maven-surefire-plugin/xsd/surefire-test-report-3.0.xsd" version="3.0" name="com.burgerbuilder.repository.DataInitializationTest" time="24.811" tests="5" errors="0" skipped="0" failures="0">
  <properties>
[...]
</properties>
  <testcase name="shouldHaveUniqueIngredients" classname="com.burgerbuilder.repository.DataInitializationTest" time="0.414">
    <system-out><![CDATA[18:49:15.678 [main] INFO org.springframework.test.context.support.AnnotationConfigContextLoaderUtils -- Could not detect default configuration classes for test class [com.burgerbuilder.repository.DataInitializationTest]: DataInitializationTest does not declare any static, non-private, non-final, nested classes annotated with @Configuration.
18:49:16.176 [main] INFO org.springframework.boot.test.context.SpringBootTestContextBootstrapper -- Found @SpringBootConfiguration com.burgerbuilder.BurgerBuilderApplication for test class com.burgerbuilder.repository.DataInitializationTest

  .   ____          _            __ _ _
 /\\ / ___'_ __ _ _(_)_ __  __ _ \ \ \ \
( ( )\___ | '_ | '_| | '_ \/ _` | \ \ \ \
 \\/  ___)| |_)| | | | | || (_| |  ) ) ) )
  '  |____| .__|_| |_|_| |_\__, | / / / /
 =========|_|==============|___/=/_/_/_/
 :: Spring Boot ::                (v3.2.0)

2025-10-12T18:49:17.728+03:00  INFO 3759 --- [           main] c.b.repository.DataInitializationTest    : Starting DataInitializationTest using Java 21.0.8 with PID 3759 (started by yazeed in /mnt/c/Users/ya184/Yazeed-project2/Yazeed-project-burger/backend)
2025-10-12T18:49:17.730+03:00 DEBUG 3759 --- [           main] c.b.repository.DataInitializationTest    : Running with Spring Boot v3.2.0, Spring v6.1.1
2025-10-12T18:49:17.731+03:00  INFO 3759 --- [           main] c.b.repository.DataInitializationTest    : The following 1 profile is active: "test"
2025-10-12T18:49:17.946+03:00 DEBUG 3759 --- [           main] o.s.w.c.s.GenericWebApplicationContext   : Refreshing org.springframework.web.context.support.GenericWebApplicationContext@630c3af3
2025-10-12T18:49:21.295+03:00  INFO 3759 --- [           main] .s.d.r.c.RepositoryConfigurationDelegate : Bootstrapping Spring Data JPA repositories in DEFAULT mode.
2025-10-12T18:49:21.629+03:00  INFO 3759 --- [           main] .s.d.r.c.RepositoryConfigurationDelegate : Finished Spring Data repository scanning in 304 ms. Found 3 JPA repository interfaces.
2025-10-12T18:49:24.211+03:00  INFO 3759 --- [           main] o.hibernate.jpa.internal.util.LogHelper  : HHH000204: Processing PersistenceUnitInfo [name: default]
2025-10-12T18:49:24.601+03:00  INFO 3759 --- [           main] org.hibernate.Version                    : HHH000412: Hibernate ORM core version 6.3.1.Final
2025-10-12T18:49:24.796+03:00  INFO 3759 --- [           main] o.h.c.internal.RegionFactoryInitiator    : HHH000026: Second-level cache disabled
2025-10-12T18:49:25.423+03:00  INFO 3759 --- [           main] o.s.o.j.p.SpringPersistenceUnitInfo      : No LoadTimeWeaver setup: ignoring JPA class transformer
2025-10-12T18:49:25.558+03:00  INFO 3759 --- [           main] com.zaxxer.hikari.HikariDataSource       : HikariPool-1 - Starting...
2025-10-12T18:49:26.812+03:00  INFO 3759 --- [           main] com.zaxxer.hikari.pool.HikariPool        : HikariPool-1 - Added connection conn0: url=jdbc:h2:mem:testdb user=SA
2025-10-12T18:49:26.825+03:00  INFO 3759 --- [           main] com.zaxxer.hikari.HikariDataSource       : HikariPool-1 - Start completed.
2025-10-12T18:49:26.984+03:00  WARN 3759 --- [           main] org.hibernate.orm.deprecation            : HHH90000025: H2Dialect does not need to be specified explicitly using 'hibernate.dialect' (remove the property setting and it will be selected by default)
2025-10-12T18:49:30.364+03:00  INFO 3759 --- [           main] o.h.e.t.j.p.i.JtaPlatformInitiator       : HHH000489: No JTA platform available (set 'hibernate.transaction.jta.platform' to enable JTA platform integration)
2025-10-12T18:49:30.461+03:00 DEBUG 3759 --- [           main] org.hibernate.SQL                        : drop table if exists burger_layers cascade 
2025-10-12T18:49:30.476+03:00 DEBUG 3759 --- [           main] org.hibernate.SQL                        : drop table if exists cart_items cascade 
2025-10-12T18:49:30.476+03:00 DEBUG 3759 --- [           main] org.hibernate.SQL                        : drop table if exists ingredients cascade 
2025-10-12T18:49:30.476+03:00 DEBUG 3759 --- [           main] org.hibernate.SQL                        : drop table if exists order_items cascade 
2025-10-12T18:49:30.477+03:00 DEBUG 3759 --- [           main] org.hibernate.SQL                        : drop table if exists order_layers cascade 
2025-10-12T18:49:30.477+03:00 DEBUG 3759 --- [           main] org.hibernate.SQL                        : drop table if exists orders cascade 
2025-10-12T18:49:30.493+03:00 DEBUG 3759 --- [           main] org.hibernate.SQL                        : create table burger_layers (layer_order integer not null, quantity integer not null, unit_price numeric(10,2), cart_item_id bigint not null, id bigint generated by default as identity, ingredient_id bigint not null, primary key (id))
2025-10-12T18:49:30.519+03:00 DEBUG 3759 --- [           main] org.hibernate.SQL                        : create table cart_items (quantity integer not null, total_price numeric(10,2), unit_price numeric(10,2), created_at timestamp(6) not null, id bigint generated by default as identity, ingredient_id bigint not null, updated_at timestamp(6), session_id varchar(255) not null, primary key (id))
2025-10-12T18:49:30.528+03:00 DEBUG 3759 --- [           main] org.hibernate.SQL                        : create table ingredients (is_available boolean not null, price numeric(10,2) not null, sort_order integer, id bigint generated by default as identity, description varchar(500), category varchar(255) not null, image_url varchar(255), name varchar(255) not null unique, primary key (id))
2025-10-12T18:49:30.535+03:00 DEBUG 3759 --- [           main] org.hibernate.SQL                        : create table order_items (quantity integer not null, total_price numeric(10,2), unit_price numeric(10,2), id bigint generated by default as identity, ingredient_id bigint not null, order_id bigint not null, primary key (id))
2025-10-12T18:49:30.536+03:00 DEBUG 3759 --- [           main] org.hibernate.SQL                        : create table order_layers (layer_order integer not null, quantity integer not null, unit_price numeric(10,2), id bigint generated by default as identity, ingredient_id bigint not null, order_item_id bigint not null, primary key (id))
2025-10-12T18:49:30.538+03:00 DEBUG 3759 --- [           main] org.hibernate.SQL                        : create table orders (total_amount numeric(10,2) not null, created_at timestamp(6) not null, id bigint generated by default as identity, updated_at timestamp(6), customer_email varchar(255), customer_name varchar(255) not null, customer_phone varchar(255), order_number varchar(255) not null unique, status varchar(255) not null check (status in ('PENDING','CONFIRMED','PREPARING','READY','COMPLETED','CANCELLED')), primary key (id))
2025-10-12T18:49:30.551+03:00 DEBUG 3759 --- [           main] org.hibernate.SQL                        : alter table if exists burger_layers add constraint FKnu62rry24lt6r19u7ggs59wbs foreign key (cart_item_id) references cart_items
2025-10-12T18:49:30.589+03:00 DEBUG 3759 --- [           main] org.hibernate.SQL                        : alter table if exists burger_layers add constraint FKh34jali7g0ftjvptqa4rtnbjw foreign key (ingredient_id) references ingredients
2025-10-12T18:49:30.590+03:00 DEBUG 3759 --- [           main] org.hibernate.SQL                        : alter table if exists cart_items add constraint FK1c8iksmp4h5u1ia4iw9uhc58c foreign key (ingredient_id) references ingredients
2025-10-12T18:49:30.592+03:00 DEBUG 3759 --- [           main] org.hibernate.SQL                        : alter table if exists order_items add constraint FK410opl07njxb61dejrqnsaimr foreign key (ingredient_id) references ingredients
2025-10-12T18:49:30.594+03:00 DEBUG 3759 --- [           main] org.hibernate.SQL                        : alter table if exists order_items add constraint FKbioxgbv59vetrxe0ejfubep1w foreign key (order_id) references orders
2025-10-12T18:49:30.597+03:00 DEBUG 3759 --- [           main] org.hibernate.SQL                        : alter table if exists order_layers add constraint FK4mq5236he35xnh8gypa4e9khn foreign key (ingredient_id) references ingredients
2025-10-12T18:49:30.599+03:00 DEBUG 3759 --- [           main] org.hibernate.SQL                        : alter table if exists order_layers add constraint FK2gldvhlbjiv3lww2u7yoldemh foreign key (order_item_id) references order_items
2025-10-12T18:49:30.624+03:00  INFO 3759 --- [           main] j.LocalContainerEntityManagerFactoryBean : Initialized JPA EntityManagerFactory for persistence unit 'default'
2025-10-12T18:49:32.054+03:00  INFO 3759 --- [           main] o.s.d.j.r.query.QueryEnhancerFactory     : Hibernate is in classpath; If applicable, HQL parser will be used.
2025-10-12T18:49:36.189+03:00  WARN 3759 --- [           main] JpaBaseConfiguration$JpaWebConfiguration : spring.jpa.open-in-view is enabled by default. Therefore, database queries may be performed during view rendering. Explicitly configure spring.jpa.open-in-view to disable this warning
2025-10-12T18:49:36.524+03:00 DEBUG 3759 --- [           main] s.w.s.m.m.a.RequestMappingHandlerMapping : 26 mappings in 'requestMappingHandlerMapping'
2025-10-12T18:49:37.186+03:00 DEBUG 3759 --- [           main] o.s.w.s.handler.SimpleUrlHandlerMapping  : Patterns [/webjars/**, /**] in 'resourceHandlerMapping'
2025-10-12T18:49:37.353+03:00 DEBUG 3759 --- [           main] s.w.s.m.m.a.RequestMappingHandlerAdapter : ControllerAdvice beans: 0 @ModelAttribute, 0 @InitBinder, 1 RequestBodyAdvice, 1 ResponseBodyAdvice
2025-10-12T18:49:37.402+03:00 DEBUG 3759 --- [           main] .m.m.a.ExceptionHandlerExceptionResolver : ControllerAdvice beans: 1 @ExceptionHandler, 1 ResponseBodyAdvice
2025-10-12T18:49:39.365+03:00  INFO 3759 --- [           main] o.s.b.a.e.web.EndpointLinksResolver      : Exposing 2 endpoint(s) beneath base path '/actuator'
2025-10-12T18:49:39.590+03:00  INFO 3759 --- [           main] c.b.repository.DataInitializationTest    : Started DataInitializationTest in 23.016 seconds (process running for 38.213)
2025-10-12T18:49:40.062+03:00 DEBUG 3759 --- [           main] org.hibernate.SQL                        : select i1_0.id,i1_0.category,i1_0.description,i1_0.image_url,i1_0.is_available,i1_0.name,i1_0.price,i1_0.sort_order from ingredients i1_0
]]></system-out>
  </testcase>
  <testcase name="shouldHaveCorrectIngredientStructure" classname="com.burgerbuilder.repository.DataInitializationTest" time="0.068">
    <system-out><![CDATA[2025-10-12T18:49:40.227+03:00 DEBUG 3759 --- [           main] org.hibernate.SQL                        : select i1_0.id,i1_0.category,i1_0.description,i1_0.image_url,i1_0.is_available,i1_0.name,i1_0.price,i1_0.sort_order from ingredients i1_0 where i1_0.name=?
]]></system-out>
  </testcase>
  <testcase name="shouldHaveIngredientsInCorrectCategories" classname="com.burgerbuilder.repository.DataInitializationTest" time="0.065">
    <system-out><![CDATA[2025-10-12T18:49:40.254+03:00 DEBUG 3759 --- [           main] org.hibernate.SQL                        : select i1_0.id,i1_0.category,i1_0.description,i1_0.image_url,i1_0.is_available,i1_0.name,i1_0.price,i1_0.sort_order from ingredients i1_0 where i1_0.category=? order by i1_0.sort_order
2025-10-12T18:49:40.290+03:00 DEBUG 3759 --- [           main] org.hibernate.SQL                        : select i1_0.id,i1_0.category,i1_0.description,i1_0.image_url,i1_0.is_available,i1_0.name,i1_0.price,i1_0.sort_order from ingredients i1_0 where i1_0.category=? order by i1_0.sort_order
2025-10-12T18:49:40.292+03:00 DEBUG 3759 --- [           main] org.hibernate.SQL                        : select i1_0.id,i1_0.category,i1_0.description,i1_0.image_url,i1_0.is_available,i1_0.name,i1_0.price,i1_0.sort_order from ingredients i1_0 where i1_0.category=? order by i1_0.sort_order
2025-10-12T18:49:40.295+03:00 DEBUG 3759 --- [           main] org.hibernate.SQL                        : select i1_0.id,i1_0.category,i1_0.description,i1_0.image_url,i1_0.is_available,i1_0.name,i1_0.price,i1_0.sort_order from ingredients i1_0 where i1_0.category=? order by i1_0.sort_order
]]></system-out>
  </testcase>
  <testcase name="shouldHaveDefaultIngredientsAfterStartup" classname="com.burgerbuilder.repository.DataInitializationTest" time="0.027">
    <system-out><![CDATA[2025-10-12T18:49:40.314+03:00 DEBUG 3759 --- [           main] org.hibernate.SQL                        : select i1_0.id,i1_0.category,i1_0.description,i1_0.image_url,i1_0.is_available,i1_0.name,i1_0.price,i1_0.sort_order from ingredients i1_0
2025-10-12T18:49:40.317+03:00 DEBUG 3759 --- [           main] org.hibernate.SQL                        : select i1_0.id,i1_0.category,i1_0.description,i1_0.image_url,i1_0.is_available,i1_0.name,i1_0.price,i1_0.sort_order from ingredients i1_0 where i1_0.name=?
2025-10-12T18:49:40.325+03:00 DEBUG 3759 --- [           main] org.hibernate.SQL                        : select i1_0.id,i1_0.category,i1_0.description,i1_0.image_url,i1_0.is_available,i1_0.name,i1_0.price,i1_0.sort_order from ingredients i1_0 where i1_0.name=?
2025-10-12T18:49:40.328+03:00 DEBUG 3759 --- [           main] org.hibernate.SQL                        : select i1_0.id,i1_0.category,i1_0.description,i1_0.image_url,i1_0.is_available,i1_0.name,i1_0.price,i1_0.sort_order from ingredients i1_0 where i1_0.name=?
2025-10-12T18:49:40.334+03:00 DEBUG 3759 --- [           main] org.hibernate.SQL                        : select i1_0.id,i1_0.category,i1_0.description,i1_0.image_url,i1_0.is_available,i1_0.name,i1_0.price,i1_0.sort_order from ingredients i1_0 where i1_0.name=?
]]></system-out>
  </testcase>
  <testcase name="shouldNotDuplicateIngredientsOnMultipleStartups" classname="com.burgerbuilder.repository.DataInitializationTest" time="0.009">
    <system-out><![CDATA[2025-10-12T18:49:40.343+03:00 DEBUG 3759 --- [           main] org.hibernate.SQL                        : select i1_0.id,i1_0.category,i1_0.description,i1_0.image_url,i1_0.is_available,i1_0.name,i1_0.price,i1_0.sort_order from ingredients i1_0
2025-10-12T18:49:40.345+03:00 DEBUG 3759 --- [           main] org.hibernate.SQL                        : select i1_0.id,i1_0.category,i1_0.description,i1_0.image_url,i1_0.is_available,i1_0.name,i1_0.price,i1_0.sort_order from ingredients i1_0
]]></system-out>
  </testcase>
</testsuite>